<?xml version="1.0" encoding="UTF-8"?>
<robot generator="Robot 3.1.2 (Python 3.7.3 on win32)" generated="20200111 17:27:55.768" rpa="false">
<suite id="s1" name="Test9" source="E:\PythonWorkspace\RobotPy\Tests\test9.robot">
<test id="s1-t1" name="TC1 Bishaal bhaater Test Case">
<kw name="Log To Console" library="BuiltIn">
<doc>Logs the given message to the console.</doc>
<arguments>
<arg>${x}</arg>
</arguments>
<status status="PASS" starttime="20200111 17:27:56.006" endtime="20200111 17:27:56.007"></status>
</kw>
<kw name="Log To Console" library="BuiltIn">
<doc>Logs the given message to the console.</doc>
<arguments>
<arg>${ll}</arg>
</arguments>
<status status="PASS" starttime="20200111 17:27:56.007" endtime="20200111 17:27:56.008"></status>
</kw>
<status status="PASS" starttime="20200111 17:27:56.006" endtime="20200111 17:27:56.008" critical="yes"></status>
</test>
<status status="PASS" starttime="20200111 17:27:55.770" endtime="20200111 17:27:56.010"></status>
</suite>
<statistics>
<total>
<stat pass="1" fail="0">Critical Tests</stat>
<stat pass="1" fail="0">All Tests</stat>
</total>
<tag>
</tag>
<suite>
<stat pass="1" fail="0" id="s1" name="Test9">Test9</stat>
</suite>
</statistics>
<errors>
</errors>
</robot>
